<?xml version="1.0" encoding="UTF-8"?>
<!-- Generated by org.testng.reporters.JUnitReportReporter -->
<testsuite hostname="ISW-ENGR-BO" name="registration_form.registration" tests="1" failures="0" timestamp="21 Jun 2020 07:45:46 GMT" time="21.879" errors="0">
  <testcase name="phpsite" time="21.879" classname="registration_form.registration"/>
</testsuite> <!-- registration_form.registration -->
